Build started 05/09/2013 12:02:30 PM.
     1>Project "F:\My Documents\University\CSC3022H\Machine Learning\SmartSweepers\smart sweepers.vcxproj" on node 2 (Build target(s)).
     1>ClCompile:
         E:\Program Files\Visual Studio 2012\VC\bin\CL.exe /c /ZI /nologo /W3 /WX- /Od /Oy- /D WIN32 /D _DEBUG /D _WINDOWS /D _VC80_UPGRADE=0x0600 /D _MBCS /Gm /EHsc /RTC1 /MTd /GS /Gy- /fp:precise /Zc:wchar_t /Zc:forScope /Fo".\Debug\\" /Fd".\Debug\vc110.pdb" /Gd /TP /analyze- /errorReport:prompt CMinesweeper.cpp
         CMinesweeper.cpp
     1>f:\my documents\university\csc3022h\machine learning\smartsweepers\c2dmatrix.h(102): warning C4018: '<' : signed/unsigned mismatch
     1>f:\my documents\university\csc3022h\machine learning\smartsweepers\c2dmatrix.h(108): warning C4244: '=' : conversion from 'double' to 'float', possible loss of data
     1>f:\my documents\university\csc3022h\machine learning\smartsweepers\c2dmatrix.h(110): warning C4244: '=' : conversion from 'double' to 'float', possible loss of data
     1>f:\my documents\university\csc3022h\machine learning\smartsweepers\ccollisionobject.h(4): warning C4099: 'SVector2D' : type name first seen using 'struct' now seen using 'class'
                 f:\my documents\university\csc3022h\machine learning\smartsweepers\svector2d.h(12) : see declaration of 'SVector2D'
     1>f:\my documents\university\csc3022h\machine learning\smartsweepers\cminesweeper.cpp(92): warning C4018: '<' : signed/unsigned mismatch
     1>f:\my documents\university\csc3022h\machine learning\smartsweepers\cminesweeper.cpp(152): warning C4018: '<' : signed/unsigned mismatch
     1>f:\my documents\university\csc3022h\machine learning\smartsweepers\cminesweeper.cpp(177): warning C4018: '<' : signed/unsigned mismatch
       Link:
         E:\Program Files\Visual Studio 2012\VC\bin\link.exe /ERRORREPORT:PROMPT /OUT:".\Debug\smart sweepers.exe" /INCREMENTAL /NOLOGO odbc32.lib odbccp32.lib kernel32.lib user32.lib gdi32.lib winspool.lib comdlg32.lib advapi32.lib shell32.lib ole32.lib oleaut32.lib uuid.lib odbc32.lib odbccp32.lib /MANIFEST /MANIFESTUAC:"level='asInvoker' uiAccess='false'" /manifest:embed /DEBUG /PDB:".\Debug\smart sweepers.pdb" /SUBSYSTEM:WINDOWS /TLBID:1 /DYNAMICBASE /NXCOMPAT /IMPLIB:".\Debug\smart sweepers.lib" /MACHINE:X86 /SAFESEH .\Debug\Script1.res
         .\Debug\C2DMatrix.obj
         .\Debug\CCollisionObject.obj
         .\Debug\CController.obj
         .\Debug\CMinesweeper.obj
         .\Debug\CMlp.obj
         .\Debug\CNode.obj
         .\Debug\CParams.obj
         .\Debug\CTimer.obj
         .\Debug\main.obj
         .\Debug\utils.obj
         smart sweepers.vcxproj -> F:\My Documents\University\CSC3022H\Machine Learning\SmartSweepers\.\Debug\smart sweepers.exe
     1>Done Building Project "F:\My Documents\University\CSC3022H\Machine Learning\SmartSweepers\smart sweepers.vcxproj" (Build target(s)).

Build succeeded.

Time Elapsed 00:00:04.92
